C51 COMPILER V9.56.0.0   SYSTEM                                                            07/10/2023 15:49:37 PAGE 1   


C51 COMPILER V9.56.0.0, COMPILATION OF MODULE SYSTEM
OBJECT MODULE PLACED IN .\objs\system.obj
COMPILER INVOKED BY: D:\Keil\C51\BIN\C51.EXE src\lib\system\system.c OPTIMIZE(8,SIZE) BROWSE INCDIR(./src/include;./src/
                    -drivers;./src/lib;./src/modules;./src/events;./src) DEBUG OBJECTEXTEND PRINT(.\objs\system.lst) TABS(2) OBJECT(.\objs\sy
                    -stem.obj)

line level    source

   1          
   2          #include "system.h"
   3          #include "event.h"     
   4          
   5          #if (IMOD_SYSTEM_OPEN == YES)
   6          
   7          // to make chip working, general configuration to be done, we do it here...
   8          void system_init(void)
   9          {
  10   1      
  11   1      }
  12          
  13          
  14          
  15          
  16          
  17          
  18          #endif                       
  19          


MODULE INFORMATION:   STATIC OVERLAYABLE
   CODE SIZE        =      1    ----
   CONSTANT SIZE    =   ----    ----
   XDATA SIZE       =   ----    ----
   PDATA SIZE       =   ----    ----
   DATA SIZE        =   ----    ----
   IDATA SIZE       =   ----    ----
   BIT SIZE         =   ----    ----
END OF MODULE INFORMATION.


C51 COMPILATION COMPLETE.  0 WARNING(S),  0 ERROR(S)
